<?xml version="1.0" encoding="UTF-8"?>
<!-- Generated by org.testng.reporters.JUnitXMLReporter -->
<testsuite hostname="Shubhams-Air.domain.name" ignored="0" name="SignUpPageTest" tests="20" failures="0" timestamp="2020-05-17T15:36:12 IST" time="0.076" errors="0">
  <testcase name="@BeforeClass setup" time="0.006" classname="com.automation.qa.testcases.SignUpPageTest">
    <failure type="org.openqa.selenium.remote.UnreachableBrowserException" message="Could not start a new session. Possible causes are invalid address of the remote server or browser start-up failure.
Build info: version: &amp;apos;3.4.0&amp;apos;, revision: &amp;apos;unknown&amp;apos;, time: &amp;apos;unknown&amp;apos;
System info: host: &amp;apos;Shubhams-Air.domain.name&amp;apos;, ip: &amp;apos;fe80:0:0:0:cbb:7ccb:c9a2:7b96%en0&amp;apos;, os.name: &amp;apos;Mac OS X&amp;apos;, os.arch: &amp;apos;x86_64&amp;apos;, os.version: &amp;apos;10.15.4&amp;apos;, java.version: &amp;apos;1.8.0_241&amp;apos;
Driver info: driver.version: RemoteWebDriver">
      <![CDATA[org.openqa.selenium.remote.UnreachableBrowserException: Could not start a new session. Possible causes are invalid address of the remote server or browser start-up failure.
Build info: version: '3.4.0', revision: 'unknown', time: 'unknown'
System info: host: 'Shubhams-Air.domain.name', ip: 'fe80:0:0:0:cbb:7ccb:c9a2:7b96%en0', os.name: 'Mac OS X', os.arch: 'x86_64', os.version: '10.15.4', java.version: '1.8.0_241'
Driver info: driver.version: RemoteWebDriver
at org.openqa.selenium.remote.RemoteWebDriver.execute(RemoteWebDriver.java:658)
at org.openqa.selenium.remote.RemoteWebDriver.startSession(RemoteWebDriver.java:250)
at org.openqa.selenium.remote.RemoteWebDriver.startSession(RemoteWebDriver.java:236)
at org.openqa.selenium.remote.RemoteWebDriver.<init>(RemoteWebDriver.java:137)
at org.openqa.selenium.remote.RemoteWebDriver.<init>(RemoteWebDriver.java:174)
at com.automation.qa.base.Base.initializeDriver(Base.java:71)
at com.automation.qa.testcases.SignUpPageTest.setup(SignUpPageTest.java:38)
at java.util.concurrent.ThreadPoolExecutor.runWorker(ThreadPoolExecutor.java:1149)
at java.util.concurrent.ThreadPoolExecutor$Worker.run(ThreadPoolExecutor.java:624)
at java.lang.Thread.run(Thread.java:748)
Caused by: org.apache.http.conn.HttpHostConnectException: Connect to localhost:4444 [localhost/127.0.0.1, localhost/0:0:0:0:0:0:0:1] failed: Connection refused (Connection refused)
at org.apache.http.impl.conn.DefaultHttpClientConnectionOperator.connect(DefaultHttpClientConnectionOperator.java:159)
at org.apache.http.impl.conn.PoolingHttpClientConnectionManager.connect(PoolingHttpClientConnectionManager.java:373)
at org.apache.http.impl.execchain.MainClientExec.establishRoute(MainClientExec.java:394)
at org.apache.http.impl.execchain.MainClientExec.execute(MainClientExec.java:237)
at org.apache.http.impl.execchain.ProtocolExec.execute(ProtocolExec.java:185)
at org.apache.http.impl.execchain.RetryExec.execute(RetryExec.java:89)
at org.apache.http.impl.execchain.RedirectExec.execute(RedirectExec.java:110)
at org.apache.http.impl.client.InternalHttpClient.doExecute(InternalHttpClient.java:185)
at org.apache.http.impl.client.CloseableHttpClient.execute(CloseableHttpClient.java:72)
at org.apache.http.impl.client.CloseableHttpClient.execute(CloseableHttpClient.java:56)
at org.openqa.selenium.remote.internal.ApacheHttpClient.fallBackExecute(ApacheHttpClient.java:139)
at org.openqa.selenium.remote.internal.ApacheHttpClient.execute(ApacheHttpClient.java:87)
at org.openqa.selenium.remote.ProtocolHandshake.createSession(ProtocolHandshake.java:343)
at org.openqa.selenium.remote.ProtocolHandshake.createSession(ProtocolHandshake.java:159)
at org.openqa.selenium.remote.HttpCommandExecutor.execute(HttpCommandExecutor.java:142)
at org.openqa.selenium.remote.RemoteWebDriver.execute(RemoteWebDriver.java:637)
... 19 more
Caused by: java.net.ConnectException: Connection refused (Connection refused)
at java.net.PlainSocketImpl.socketConnect(Native Method)
at java.net.AbstractPlainSocketImpl.doConnect(AbstractPlainSocketImpl.java:350)
at java.net.AbstractPlainSocketImpl.connectToAddress(AbstractPlainSocketImpl.java:206)
at java.net.AbstractPlainSocketImpl.connect(AbstractPlainSocketImpl.java:188)
at java.net.SocksSocketImpl.connect(SocksSocketImpl.java:392)
at java.net.Socket.connect(Socket.java:606)
at org.apache.http.conn.socket.PlainConnectionSocketFactory.connectSocket(PlainConnectionSocketFactory.java:75)
at org.apache.http.impl.conn.DefaultHttpClientConnectionOperator.connect(DefaultHttpClientConnectionOperator.java:142)
... 34 more
... Removed 10 stack frames]]>
    </failure>
  </testcase> <!-- @BeforeClass setup -->
  <testcase name="@AfterClass tearDown" time="-1.589709972932E9" classname="com.automation.qa.testcases.SignUpPageTest">
    <skipped/>
  </testcase> <!-- @AfterClass tearDown -->
  <testcase name="enterNewEmailAddress" time="0.0" classname="com.automation.qa.testcases.SignUpPageTest">
    <skipped/>
  </testcase> <!-- enterNewEmailAddress -->
  <testcase name="validateSignUpPageTitle" time="0.0" classname="com.automation.qa.testcases.SignUpPageTest">
    <skipped/>
  </testcase> <!-- validateSignUpPageTitle -->
  <testcase name="validateSignUpPageHeaderText" time="0.0" classname="com.automation.qa.testcases.SignUpPageTest">
    <skipped/>
  </testcase> <!-- validateSignUpPageHeaderText -->
  <testcase name="customertitleSelectMale" time="0.0" classname="com.automation.qa.testcases.SignUpPageTest">
    <skipped/>
  </testcase> <!-- customertitleSelectMale -->
  <testcase name="enterCustomerFirstName" time="0.0" classname="com.automation.qa.testcases.SignUpPageTest">
    <skipped/>
  </testcase> <!-- enterCustomerFirstName -->
  <testcase name="enterCustomerLastName" time="0.0" classname="com.automation.qa.testcases.SignUpPageTest">
    <skipped/>
  </testcase> <!-- enterCustomerLastName -->
  <testcase name="enterCustomerPassword" time="0.0" classname="com.automation.qa.testcases.SignUpPageTest">
    <skipped/>
  </testcase> <!-- enterCustomerPassword -->
  <testcase name="enterDateOfBirth" time="0.0" classname="com.automation.qa.testcases.SignUpPageTest">
    <skipped/>
  </testcase> <!-- enterDateOfBirth -->
  <testcase name="enterMonthOfBirth" time="0.0" classname="com.automation.qa.testcases.SignUpPageTest">
    <skipped/>
  </testcase> <!-- enterMonthOfBirth -->
  <testcase name="enterYearOfBirth" time="0.0" classname="com.automation.qa.testcases.SignUpPageTest">
    <skipped/>
  </testcase> <!-- enterYearOfBirth -->
  <testcase name="enterAddressLine1" time="0.0" classname="com.automation.qa.testcases.SignUpPageTest">
    <skipped/>
  </testcase> <!-- enterAddressLine1 -->
  <testcase name="enterCityName" time="0.0" classname="com.automation.qa.testcases.SignUpPageTest">
    <skipped/>
  </testcase> <!-- enterCityName -->
  <testcase name="enterStateName" time="0.0" classname="com.automation.qa.testcases.SignUpPageTest">
    <skipped/>
  </testcase> <!-- enterStateName -->
  <testcase name="selectCountryName" time="0.0" classname="com.automation.qa.testcases.SignUpPageTest">
    <skipped/>
  </testcase> <!-- selectCountryName -->
  <testcase name="enterPostalCode" time="0.0" classname="com.automation.qa.testcases.SignUpPageTest">
    <skipped/>
  </testcase> <!-- enterPostalCode -->
  <testcase name="enterMobileNumber" time="0.0" classname="com.automation.qa.testcases.SignUpPageTest">
    <skipped/>
  </testcase> <!-- enterMobileNumber -->
  <testcase name="addressReferenceName" time="0.0" classname="com.automation.qa.testcases.SignUpPageTest">
    <skipped/>
  </testcase> <!-- addressReferenceName -->
  <testcase name="clickOnRegisterButton" time="0.0" classname="com.automation.qa.testcases.SignUpPageTest">
    <skipped/>
  </testcase> <!-- clickOnRegisterButton -->
  <testcase name="testTileOfMyAccountsPage" time="0.0" classname="com.automation.qa.testcases.SignUpPageTest">
    <skipped/>
  </testcase> <!-- testTileOfMyAccountsPage -->
  <testcase name="validateUserName" time="0.0" classname="com.automation.qa.testcases.SignUpPageTest">
    <skipped/>
  </testcase> <!-- validateUserName -->
</testsuite> <!-- SignUpPageTest -->
