<?xml version="1.0" encoding="UTF-8"?>
<!-- Generated by org.testng.reporters.JUnitXMLReporter -->
<testsuite hostname="Shubhams-Air.domain.name" ignored="0" name="LoginPageNegativeTest" tests="9" failures="1" timestamp="2020-05-10T22:39:01 IST" time="49.563" errors="0">
  <testcase name="validateTitle" time="0.038" classname="com.automation.qa.testcases.LoginPageTest">
    <failure type="java.lang.AssertionError" message="expected [Login - My Storee] but found [Login - My Store]">
      <![CDATA[java.lang.AssertionError: expected [Login - My Storee] but found [Login - My Store]
at com.automation.qa.testcases.LoginPageTest.validateTitle(LoginPageTest.java:39)
at java.util.ArrayList.forEach(ArrayList.java:1257)
at java.util.concurrent.FutureTask.run(FutureTask.java:266)
at java.util.concurrent.ThreadPoolExecutor.runWorker(ThreadPoolExecutor.java:1149)
at java.util.concurrent.ThreadPoolExecutor$Worker.run(ThreadPoolExecutor.java:624)
at java.lang.Thread.run(Thread.java:748)
... Removed 23 stack frames]]>
    </failure>
  </testcase> <!-- validateTitle -->
  <testcase name="enterEmailid" time="1.593" classname="com.automation.qa.testcases.LoginPageTest"/>
  <testcase name="enterPassword" time="0.437" classname="com.automation.qa.testcases.LoginPageTest"/>
  <testcase name="clickSignButton" time="4.082" classname="com.automation.qa.testcases.LoginPageTest"/>
  <testcase name="validateTitle" time="0.043" classname="com.automation.qa.testcases.LoginPageNegativeTest"/>
  <testcase name="enterEmailid" time="1.184" classname="com.automation.qa.testcases.LoginPageNegativeTest"/>
  <testcase name="enterPassword" time="0.518" classname="com.automation.qa.testcases.LoginPageNegativeTest"/>
  <testcase name="clickSignButton" time="3.98" classname="com.automation.qa.testcases.LoginPageNegativeTest"/>
  <testcase name="inValidEmailTextDispalyed" time="0.139" classname="com.automation.qa.testcases.LoginPageNegativeTest"/>
</testsuite> <!-- LoginPageNegativeTest -->
