<?xml version="1.0" encoding="UTF-8"?>
<!-- Generated by org.testng.reporters.JUnitXMLReporter -->
<testsuite hostname="Shubhams-Air.domain.name" ignored="0" name="SignUpPageTest" tests="32" failures="1" timestamp="2020-05-10T22:39:45 IST" time="92.808" errors="0">
  <testcase name="validateTitle" time="0.038" classname="com.automation.qa.testcases.LoginPageTest">
    <failure type="java.lang.AssertionError" message="expected [Login - My Storee] but found [Login - My Store]">
      <![CDATA[java.lang.AssertionError: expected [Login - My Storee] but found [Login - My Store]
at com.automation.qa.testcases.LoginPageTest.validateTitle(LoginPageTest.java:39)
at java.util.ArrayList.forEach(ArrayList.java:1257)
at java.util.concurrent.FutureTask.run(FutureTask.java:266)
at java.util.concurrent.ThreadPoolExecutor.runWorker(ThreadPoolExecutor.java:1149)
at java.util.concurrent.ThreadPoolExecutor$Worker.run(ThreadPoolExecutor.java:624)
at java.lang.Thread.run(Thread.java:748)
... Removed 23 stack frames]]>
    </failure>
  </testcase> <!-- validateTitle -->
  <testcase name="enterEmailid" time="1.593" classname="com.automation.qa.testcases.LoginPageTest"/>
  <testcase name="enterPassword" time="0.437" classname="com.automation.qa.testcases.LoginPageTest"/>
  <testcase name="clickSignButton" time="4.082" classname="com.automation.qa.testcases.LoginPageTest"/>
  <testcase name="validateTitle" time="0.043" classname="com.automation.qa.testcases.LoginPageNegativeTest"/>
  <testcase name="enterEmailid" time="1.184" classname="com.automation.qa.testcases.LoginPageNegativeTest"/>
  <testcase name="enterPassword" time="0.518" classname="com.automation.qa.testcases.LoginPageNegativeTest"/>
  <testcase name="clickSignButton" time="3.98" classname="com.automation.qa.testcases.LoginPageNegativeTest"/>
  <testcase name="inValidEmailTextDispalyed" time="0.139" classname="com.automation.qa.testcases.LoginPageNegativeTest"/>
  <testcase name="landingPageTitleTest" time="0.046" classname="com.automation.qa.testcases.LandingPageTest"/>
  <testcase name="siteLogoTest" time="0.182" classname="com.automation.qa.testcases.LandingPageTest"/>
  <testcase name="loginClick" time="5.519" classname="com.automation.qa.testcases.LandingPageTest"/>
  <testcase name="enterNewEmailAddress" time="2.085" classname="com.automation.qa.testcases.SignUpPageTest"/>
  <testcase name="validateSignUpPageTitle" time="0.044" classname="com.automation.qa.testcases.SignUpPageTest"/>
  <testcase name="validateSignUpPageHeaderText" time="0.144" classname="com.automation.qa.testcases.SignUpPageTest"/>
  <testcase name="customertitleSelectMale" time="1.975" classname="com.automation.qa.testcases.SignUpPageTest"/>
  <testcase name="enterCustomerFirstName" time="0.657" classname="com.automation.qa.testcases.SignUpPageTest"/>
  <testcase name="enterCustomerLastName" time="0.439" classname="com.automation.qa.testcases.SignUpPageTest"/>
  <testcase name="enterCustomerPassword" time="0.433" classname="com.automation.qa.testcases.SignUpPageTest"/>
  <testcase name="enterDateOfBirth" time="0.434" classname="com.automation.qa.testcases.SignUpPageTest"/>
  <testcase name="enterMonthOfBirth" time="0.31" classname="com.automation.qa.testcases.SignUpPageTest"/>
  <testcase name="enterYearOfBirth" time="0.331" classname="com.automation.qa.testcases.SignUpPageTest"/>
  <testcase name="enterAddressLine1" time="0.529" classname="com.automation.qa.testcases.SignUpPageTest"/>
  <testcase name="enterCityName" time="0.435" classname="com.automation.qa.testcases.SignUpPageTest"/>
  <testcase name="enterStateName" time="0.29" classname="com.automation.qa.testcases.SignUpPageTest"/>
  <testcase name="selectCountryName" time="0.23" classname="com.automation.qa.testcases.SignUpPageTest"/>
  <testcase name="enterPostalCode" time="0.333" classname="com.automation.qa.testcases.SignUpPageTest"/>
  <testcase name="enterMobileNumber" time="0.48" classname="com.automation.qa.testcases.SignUpPageTest"/>
  <testcase name="addressReferenceName" time="0.548" classname="com.automation.qa.testcases.SignUpPageTest"/>
  <testcase name="clickOnRegisterButton" time="4.787" classname="com.automation.qa.testcases.SignUpPageTest"/>
  <testcase name="testTileOfMyAccountsPage" time="0.032" classname="com.automation.qa.testcases.SignUpPageTest"/>
  <testcase name="validateUserName" time="0.144" classname="com.automation.qa.testcases.SignUpPageTest"/>
</testsuite> <!-- SignUpPageTest -->
